{
  "0 debug pnpm:scope": {
    "selected": 1,
    "workspacePrefix": "/Users/baisheng/Workspace/picker-cms"
  },
  "1 error pnpm": {
    "errno": 1,
    "code": "ELIFECYCLE",
    "pkgid": "picker@1.0.0",
    "stage": "bootstrap",
    "script": "pnpm recursive install",
    "pkgname": "picker",
    "err": {
      "name": "pnpm",
      "message": "picker@1.0.0 bootstrap: `pnpm recursive install`\nExit status 1",
      "code": "ELIFECYCLE",
      "stack": "pnpm: picker@1.0.0 bootstrap: `pnpm recursive install`\nExit status 1\n    at EventEmitter.<anonymous> (/snapshot/dist/pnpm.cjs)\n    at EventEmitter.emit (events.js:376:20)\n    at ChildProcess.<anonymous> (/snapshot/dist/pnpm.cjs)\n    at ChildProcess.emit (events.js:376:20)\n    at maybeClose (internal/child_process.js:1055:16)\n    at Process.ChildProcess._handle.onexit (internal/child_process.js:288:5)"
    }
  },
  "2 warn pnpm:global": " Local package.json exists, but node_modules missing, did you mean to install?"
}